mode: set
github.com/vivekpradhan/runforge/internal/jobfactory/build_job.go:18.84,19.18 1 1
github.com/vivekpradhan/runforge/internal/jobfactory/build_job.go:19.18,21.3 1 0
github.com/vivekpradhan/runforge/internal/jobfactory/build_job.go:22.2,22.38 1 1
github.com/vivekpradhan/runforge/internal/jobfactory/build_job.go:22.38,24.3 1 0
github.com/vivekpradhan/runforge/internal/jobfactory/build_job.go:26.2,27.36 2 1
github.com/vivekpradhan/runforge/internal/jobfactory/build_job.go:27.36,29.3 1 1
github.com/vivekpradhan/runforge/internal/jobfactory/build_job.go:31.2,38.35 2 1
github.com/vivekpradhan/runforge/internal/jobfactory/build_job.go:38.35,43.3 1 0
github.com/vivekpradhan/runforge/internal/jobfactory/build_job.go:44.2,44.42 1 1
github.com/vivekpradhan/runforge/internal/jobfactory/build_job.go:44.42,46.31 2 0
github.com/vivekpradhan/runforge/internal/jobfactory/build_job.go:46.31,50.4 1 0
github.com/vivekpradhan/runforge/internal/jobfactory/build_job.go:51.3,51.28 1 0
github.com/vivekpradhan/runforge/internal/jobfactory/build_job.go:51.28,55.4 1 0
github.com/vivekpradhan/runforge/internal/jobfactory/build_job.go:56.3,56.53 1 0
github.com/vivekpradhan/runforge/internal/jobfactory/build_job.go:59.2,59.33 1 1
github.com/vivekpradhan/runforge/internal/jobfactory/build_job.go:59.33,61.17 2 1
github.com/vivekpradhan/runforge/internal/jobfactory/build_job.go:61.17,63.4 1 0
github.com/vivekpradhan/runforge/internal/jobfactory/build_job.go:64.3,64.34 1 1
github.com/vivekpradhan/runforge/internal/jobfactory/build_job.go:67.2,97.8 2 1
github.com/vivekpradhan/runforge/internal/jobfactory/build_job.go:100.119,102.16 2 1
github.com/vivekpradhan/runforge/internal/jobfactory/build_job.go:102.16,104.3 1 0
github.com/vivekpradhan/runforge/internal/jobfactory/build_job.go:105.2,106.16 2 1
github.com/vivekpradhan/runforge/internal/jobfactory/build_job.go:106.16,108.3 1 0
github.com/vivekpradhan/runforge/internal/jobfactory/build_job.go:109.2,112.8 1 1
github.com/vivekpradhan/runforge/internal/jobfactory/build_job.go:115.93,116.15 1 1
github.com/vivekpradhan/runforge/internal/jobfactory/build_job.go:116.15,118.3 1 0
github.com/vivekpradhan/runforge/internal/jobfactory/build_job.go:119.2,120.18 2 1
github.com/vivekpradhan/runforge/internal/jobfactory/build_job.go:120.18,122.17 2 1
github.com/vivekpradhan/runforge/internal/jobfactory/build_job.go:122.17,124.4 1 0
github.com/vivekpradhan/runforge/internal/jobfactory/build_job.go:125.3,125.30 1 1
github.com/vivekpradhan/runforge/internal/jobfactory/build_job.go:127.2,127.21 1 1
github.com/vivekpradhan/runforge/internal/jobfactory/build_job.go:127.21,129.17 2 1
github.com/vivekpradhan/runforge/internal/jobfactory/build_job.go:129.17,131.4 1 0
github.com/vivekpradhan/runforge/internal/jobfactory/build_job.go:132.3,132.33 1 1
github.com/vivekpradhan/runforge/internal/jobfactory/build_job.go:134.2,134.18 1 1
github.com/vivekpradhan/runforge/internal/jobfactory/build_job.go:134.18,136.17 2 1
github.com/vivekpradhan/runforge/internal/jobfactory/build_job.go:136.17,138.4 1 0
github.com/vivekpradhan/runforge/internal/jobfactory/build_job.go:139.3,139.27 1 1
github.com/vivekpradhan/runforge/internal/jobfactory/build_job.go:141.2,141.17 1 1
github.com/vivekpradhan/runforge/api/v1alpha1/aijob_types.go:236.13,238.2 1 0
github.com/vivekpradhan/runforge/api/v1alpha1/zz_generated.deepcopy.go:29.43,35.2 5 0
github.com/vivekpradhan/runforge/api/v1alpha1/zz_generated.deepcopy.go:38.36,39.15 1 0
github.com/vivekpradhan/runforge/api/v1alpha1/zz_generated.deepcopy.go:39.15,41.3 1 0
github.com/vivekpradhan/runforge/api/v1alpha1/zz_generated.deepcopy.go:42.2,44.12 3 0
github.com/vivekpradhan/runforge/api/v1alpha1/zz_generated.deepcopy.go:48.50,49.34 1 0
github.com/vivekpradhan/runforge/api/v1alpha1/zz_generated.deepcopy.go:49.34,51.3 1 0
github.com/vivekpradhan/runforge/api/v1alpha1/zz_generated.deepcopy.go:52.2,52.12 1 0
github.com/vivekpradhan/runforge/api/v1alpha1/zz_generated.deepcopy.go:56.61,59.2 2 0
github.com/vivekpradhan/runforge/api/v1alpha1/zz_generated.deepcopy.go:62.54,63.15 1 0
github.com/vivekpradhan/runforge/api/v1alpha1/zz_generated.deepcopy.go:63.15,65.3 1 0
github.com/vivekpradhan/runforge/api/v1alpha1/zz_generated.deepcopy.go:66.2,68.12 3 0
github.com/vivekpradhan/runforge/api/v1alpha1/zz_generated.deepcopy.go:72.69,74.28 2 0
github.com/vivekpradhan/runforge/api/v1alpha1/zz_generated.deepcopy.go:74.28,78.3 3 0
github.com/vivekpradhan/runforge/api/v1alpha1/zz_generated.deepcopy.go:79.2,79.25 1 0
github.com/vivekpradhan/runforge/api/v1alpha1/zz_generated.deepcopy.go:79.25,83.3 3 0
github.com/vivekpradhan/runforge/api/v1alpha1/zz_generated.deepcopy.go:87.62,88.15 1 0
github.com/vivekpradhan/runforge/api/v1alpha1/zz_generated.deepcopy.go:88.15,90.3 1 0
github.com/vivekpradhan/runforge/api/v1alpha1/zz_generated.deepcopy.go:91.2,93.12 3 0
github.com/vivekpradhan/runforge/api/v1alpha1/zz_generated.deepcopy.go:97.55,99.2 1 0
github.com/vivekpradhan/runforge/api/v1alpha1/zz_generated.deepcopy.go:102.48,103.15 1 0
github.com/vivekpradhan/runforge/api/v1alpha1/zz_generated.deepcopy.go:103.15,105.3 1 0
github.com/vivekpradhan/runforge/api/v1alpha1/zz_generated.deepcopy.go:106.2,108.12 3 0
github.com/vivekpradhan/runforge/api/v1alpha1/zz_generated.deepcopy.go:112.51,116.21 4 0
github.com/vivekpradhan/runforge/api/v1alpha1/zz_generated.deepcopy.go:116.21,119.22 3 0
github.com/vivekpradhan/runforge/api/v1alpha1/zz_generated.deepcopy.go:119.22,121.4 1 0
github.com/vivekpradhan/runforge/api/v1alpha1/zz_generated.deepcopy.go:126.44,127.15 1 0
github.com/vivekpradhan/runforge/api/v1alpha1/zz_generated.deepcopy.go:127.15,129.3 1 0
github.com/vivekpradhan/runforge/api/v1alpha1/zz_generated.deepcopy.go:130.2,132.12 3 0
github.com/vivekpradhan/runforge/api/v1alpha1/zz_generated.deepcopy.go:136.54,137.34 1 0
github.com/vivekpradhan/runforge/api/v1alpha1/zz_generated.deepcopy.go:137.34,139.3 1 0
github.com/vivekpradhan/runforge/api/v1alpha1/zz_generated.deepcopy.go:140.2,140.12 1 0
github.com/vivekpradhan/runforge/api/v1alpha1/zz_generated.deepcopy.go:144.83,146.2 1 0
github.com/vivekpradhan/runforge/api/v1alpha1/zz_generated.deepcopy.go:149.76,150.15 1 0
github.com/vivekpradhan/runforge/api/v1alpha1/zz_generated.deepcopy.go:150.15,152.3 1 0
github.com/vivekpradhan/runforge/api/v1alpha1/zz_generated.deepcopy.go:153.2,155.12 3 0
github.com/vivekpradhan/runforge/api/v1alpha1/zz_generated.deepcopy.go:159.67,161.2 1 0
github.com/vivekpradhan/runforge/api/v1alpha1/zz_generated.deepcopy.go:164.60,165.15 1 0
github.com/vivekpradhan/runforge/api/v1alpha1/zz_generated.deepcopy.go:165.15,167.3 1 0
github.com/vivekpradhan/runforge/api/v1alpha1/zz_generated.deepcopy.go:168.2,170.12 3 0
github.com/vivekpradhan/runforge/api/v1alpha1/zz_generated.deepcopy.go:174.83,176.24 2 0
github.com/vivekpradhan/runforge/api/v1alpha1/zz_generated.deepcopy.go:176.24,180.3 3 0
github.com/vivekpradhan/runforge/api/v1alpha1/zz_generated.deepcopy.go:181.2,181.22 1 0
github.com/vivekpradhan/runforge/api/v1alpha1/zz_generated.deepcopy.go:181.22,185.3 3 0
github.com/vivekpradhan/runforge/api/v1alpha1/zz_generated.deepcopy.go:189.76,190.15 1 0
github.com/vivekpradhan/runforge/api/v1alpha1/zz_generated.deepcopy.go:190.15,192.3 1 0
github.com/vivekpradhan/runforge/api/v1alpha1/zz_generated.deepcopy.go:193.2,195.12 3 0
github.com/vivekpradhan/runforge/api/v1alpha1/zz_generated.deepcopy.go:199.51,201.23 2 0
github.com/vivekpradhan/runforge/api/v1alpha1/zz_generated.deepcopy.go:201.23,205.3 3 0
github.com/vivekpradhan/runforge/api/v1alpha1/zz_generated.deepcopy.go:206.2,206.20 1 0
github.com/vivekpradhan/runforge/api/v1alpha1/zz_generated.deepcopy.go:206.20,210.3 3 0
github.com/vivekpradhan/runforge/api/v1alpha1/zz_generated.deepcopy.go:211.2,211.19 1 0
github.com/vivekpradhan/runforge/api/v1alpha1/zz_generated.deepcopy.go:211.19,215.3 3 0
github.com/vivekpradhan/runforge/api/v1alpha1/zz_generated.deepcopy.go:216.2,216.23 1 0
github.com/vivekpradhan/runforge/api/v1alpha1/zz_generated.deepcopy.go:216.23,219.22 3 0
github.com/vivekpradhan/runforge/api/v1alpha1/zz_generated.deepcopy.go:219.22,221.4 1 0
github.com/vivekpradhan/runforge/api/v1alpha1/zz_generated.deepcopy.go:223.2,223.25 1 0
github.com/vivekpradhan/runforge/api/v1alpha1/zz_generated.deepcopy.go:223.25,227.3 3 0
github.com/vivekpradhan/runforge/api/v1alpha1/zz_generated.deepcopy.go:228.2,228.28 1 0
github.com/vivekpradhan/runforge/api/v1alpha1/zz_generated.deepcopy.go:228.28,232.3 3 0
github.com/vivekpradhan/runforge/api/v1alpha1/zz_generated.deepcopy.go:233.2,233.37 1 0
github.com/vivekpradhan/runforge/api/v1alpha1/zz_generated.deepcopy.go:233.37,237.3 3 0
github.com/vivekpradhan/runforge/api/v1alpha1/zz_generated.deepcopy.go:238.2,238.39 1 0
github.com/vivekpradhan/runforge/api/v1alpha1/zz_generated.deepcopy.go:238.39,242.3 3 0
github.com/vivekpradhan/runforge/api/v1alpha1/zz_generated.deepcopy.go:243.2,243.28 1 0
github.com/vivekpradhan/runforge/api/v1alpha1/zz_generated.deepcopy.go:243.28,246.29 3 0
github.com/vivekpradhan/runforge/api/v1alpha1/zz_generated.deepcopy.go:246.29,248.4 1 0
github.com/vivekpradhan/runforge/api/v1alpha1/zz_generated.deepcopy.go:250.2,250.27 1 0
github.com/vivekpradhan/runforge/api/v1alpha1/zz_generated.deepcopy.go:250.27,253.22 3 0
github.com/vivekpradhan/runforge/api/v1alpha1/zz_generated.deepcopy.go:253.22,255.4 1 0
github.com/vivekpradhan/runforge/api/v1alpha1/zz_generated.deepcopy.go:257.2,257.24 1 0
github.com/vivekpradhan/runforge/api/v1alpha1/zz_generated.deepcopy.go:257.24,261.3 3 0
github.com/vivekpradhan/runforge/api/v1alpha1/zz_generated.deepcopy.go:265.44,266.15 1 0
github.com/vivekpradhan/runforge/api/v1alpha1/zz_generated.deepcopy.go:266.15,268.3 1 0
github.com/vivekpradhan/runforge/api/v1alpha1/zz_generated.deepcopy.go:269.2,271.12 3 0
github.com/vivekpradhan/runforge/api/v1alpha1/zz_generated.deepcopy.go:275.55,277.26 2 0
github.com/vivekpradhan/runforge/api/v1alpha1/zz_generated.deepcopy.go:277.26,280.22 3 0
github.com/vivekpradhan/runforge/api/v1alpha1/zz_generated.deepcopy.go:280.22,282.4 1 0
github.com/vivekpradhan/runforge/api/v1alpha1/zz_generated.deepcopy.go:284.2,284.25 1 0
github.com/vivekpradhan/runforge/api/v1alpha1/zz_generated.deepcopy.go:284.25,287.3 2 0
github.com/vivekpradhan/runforge/api/v1alpha1/zz_generated.deepcopy.go:288.2,288.30 1 0
github.com/vivekpradhan/runforge/api/v1alpha1/zz_generated.deepcopy.go:288.30,291.3 2 0
github.com/vivekpradhan/runforge/api/v1alpha1/zz_generated.deepcopy.go:295.48,296.15 1 0
github.com/vivekpradhan/runforge/api/v1alpha1/zz_generated.deepcopy.go:296.15,298.3 1 0
github.com/vivekpradhan/runforge/api/v1alpha1/zz_generated.deepcopy.go:299.2,301.12 3 0
github.com/vivekpradhan/runforge/cmd/main.go:48.13,53.2 2 0
github.com/vivekpradhan/runforge/cmd/main.go:56.13,96.38 24 0
github.com/vivekpradhan/runforge/cmd/main.go:96.38,99.3 2 0
github.com/vivekpradhan/runforge/cmd/main.go:101.2,101.18 1 0
github.com/vivekpradhan/runforge/cmd/main.go:101.18,103.3 1 0
github.com/vivekpradhan/runforge/cmd/main.go:106.2,111.30 3 0
github.com/vivekpradhan/runforge/cmd/main.go:111.30,118.3 4 0
github.com/vivekpradhan/runforge/cmd/main.go:120.2,132.19 3 0
github.com/vivekpradhan/runforge/cmd/main.go:132.19,138.3 1 0
github.com/vivekpradhan/runforge/cmd/main.go:148.2,148.30 1 0
github.com/vivekpradhan/runforge/cmd/main.go:148.30,155.3 4 0
github.com/vivekpradhan/runforge/cmd/main.go:157.2,176.16 2 0
github.com/vivekpradhan/runforge/cmd/main.go:176.16,179.3 2 0
github.com/vivekpradhan/runforge/cmd/main.go:181.2,185.39 1 0
github.com/vivekpradhan/runforge/cmd/main.go:185.39,188.3 2 0
github.com/vivekpradhan/runforge/cmd/main.go:191.2,191.69 1 0
github.com/vivekpradhan/runforge/cmd/main.go:191.69,194.3 2 0
github.com/vivekpradhan/runforge/cmd/main.go:195.2,195.67 1 0
github.com/vivekpradhan/runforge/cmd/main.go:195.67,198.3 2 0
github.com/vivekpradhan/runforge/cmd/main.go:200.2,201.61 2 0
github.com/vivekpradhan/runforge/cmd/main.go:201.61,204.3 2 0
github.com/vivekpradhan/runforge/test/utils/utils.go:38.27,40.2 1 0
github.com/vivekpradhan/runforge/test/utils/utils.go:43.41,47.42 3 0
github.com/vivekpradhan/runforge/test/utils/utils.go:47.42,49.3 1 0
github.com/vivekpradhan/runforge/test/utils/utils.go:51.2,55.16 5 0
github.com/vivekpradhan/runforge/test/utils/utils.go:55.16,57.3 1 0
github.com/vivekpradhan/runforge/test/utils/utils.go:59.2,59.28 1 0
github.com/vivekpradhan/runforge/test/utils/utils.go:63.29,66.36 3 0
github.com/vivekpradhan/runforge/test/utils/utils.go:66.36,68.3 1 0
github.com/vivekpradhan/runforge/test/utils/utils.go:71.2,75.41 2 0
github.com/vivekpradhan/runforge/test/utils/utils.go:75.41,78.37 2 0
github.com/vivekpradhan/runforge/test/utils/utils.go:78.37,80.4 1 0
github.com/vivekpradhan/runforge/test/utils/utils.go:85.33,88.36 3 0
github.com/vivekpradhan/runforge/test/utils/utils.go:88.36,90.3 1 0
github.com/vivekpradhan/runforge/test/utils/utils.go:93.2,100.12 3 0
github.com/vivekpradhan/runforge/test/utils/utils.go:105.40,119.16 4 0
github.com/vivekpradhan/runforge/test/utils/utils.go:119.16,121.3 1 0
github.com/vivekpradhan/runforge/test/utils/utils.go:124.2,125.38 2 0
github.com/vivekpradhan/runforge/test/utils/utils.go:125.38,126.32 1 0
github.com/vivekpradhan/runforge/test/utils/utils.go:126.32,127.35 1 0
github.com/vivekpradhan/runforge/test/utils/utils.go:127.35,129.5 1 0
github.com/vivekpradhan/runforge/test/utils/utils.go:133.2,133.14 1 0
github.com/vivekpradhan/runforge/test/utils/utils.go:137.56,139.47 2 0
github.com/vivekpradhan/runforge/test/utils/utils.go:139.47,141.3 1 0
github.com/vivekpradhan/runforge/test/utils/utils.go:142.2,144.39 3 0
github.com/vivekpradhan/runforge/test/utils/utils.go:144.39,146.3 1 0
github.com/vivekpradhan/runforge/test/utils/utils.go:147.2,149.12 3 0
github.com/vivekpradhan/runforge/test/utils/utils.go:154.47,157.32 3 0
github.com/vivekpradhan/runforge/test/utils/utils.go:157.32,158.20 1 0
github.com/vivekpradhan/runforge/test/utils/utils.go:158.20,160.4 1 0
github.com/vivekpradhan/runforge/test/utils/utils.go:163.2,163.12 1 0
github.com/vivekpradhan/runforge/test/utils/utils.go:167.38,169.16 2 0
github.com/vivekpradhan/runforge/test/utils/utils.go:169.16,171.3 1 0
github.com/vivekpradhan/runforge/test/utils/utils.go:172.2,173.16 2 0
github.com/vivekpradhan/runforge/test/utils/utils.go:178.59,182.16 2 0
github.com/vivekpradhan/runforge/test/utils/utils.go:182.16,184.3 1 0
github.com/vivekpradhan/runforge/test/utils/utils.go:185.2,188.13 3 0
github.com/vivekpradhan/runforge/test/utils/utils.go:188.13,190.3 1 0
github.com/vivekpradhan/runforge/test/utils/utils.go:192.2,194.16 3 0
github.com/vivekpradhan/runforge/test/utils/utils.go:194.16,196.3 1 0
github.com/vivekpradhan/runforge/test/utils/utils.go:198.2,199.21 2 0
github.com/vivekpradhan/runforge/test/utils/utils.go:199.21,201.3 1 0
github.com/vivekpradhan/runforge/test/utils/utils.go:202.2,202.6 1 0
github.com/vivekpradhan/runforge/test/utils/utils.go:202.6,203.87 1 0
github.com/vivekpradhan/runforge/test/utils/utils.go:203.87,205.4 1 0
github.com/vivekpradhan/runforge/test/utils/utils.go:207.3,207.22 1 0
github.com/vivekpradhan/runforge/test/utils/utils.go:207.22,208.9 1 0
github.com/vivekpradhan/runforge/test/utils/utils.go:210.3,210.49 1 0
github.com/vivekpradhan/runforge/test/utils/utils.go:210.49,212.4 1 0
github.com/vivekpradhan/runforge/test/utils/utils.go:215.2,215.63 1 0
github.com/vivekpradhan/runforge/test/utils/utils.go:215.63,217.3 1 0
github.com/vivekpradhan/runforge/test/utils/utils.go:221.2,221.65 1 0
github.com/vivekpradhan/runforge/test/utils/utils.go:221.65,223.3 1 0
github.com/vivekpradhan/runforge/test/utils/utils.go:225.2,225.12 1 0
github.com/vivekpradhan/runforge/internal/controller/aijob_controller.go:59.97,63.63 3 1
github.com/vivekpradhan/runforge/internal/controller/aijob_controller.go:63.63,65.3 1 0
github.com/vivekpradhan/runforge/internal/controller/aijob_controller.go:67.2,70.46 4 1
github.com/vivekpradhan/runforge/internal/controller/aijob_controller.go:70.46,72.3 1 0
github.com/vivekpradhan/runforge/internal/controller/aijob_controller.go:73.2,73.31 1 1
github.com/vivekpradhan/runforge/internal/controller/aijob_controller.go:73.31,75.22 2 1
github.com/vivekpradhan/runforge/internal/controller/aijob_controller.go:75.22,77.4 1 0
github.com/vivekpradhan/runforge/internal/controller/aijob_controller.go:78.3,78.95 1 1
github.com/vivekpradhan/runforge/internal/controller/aijob_controller.go:78.95,80.4 1 0
github.com/vivekpradhan/runforge/internal/controller/aijob_controller.go:81.3,81.59 1 1
github.com/vivekpradhan/runforge/internal/controller/aijob_controller.go:81.59,83.4 1 0
github.com/vivekpradhan/runforge/internal/controller/aijob_controller.go:84.3,84.24 1 1
github.com/vivekpradhan/runforge/internal/controller/aijob_controller.go:84.24,86.4 1 0
github.com/vivekpradhan/runforge/internal/controller/aijob_controller.go:87.3,89.104 2 1
github.com/vivekpradhan/runforge/internal/controller/aijob_controller.go:89.104,91.4 1 0
github.com/vivekpradhan/runforge/internal/controller/aijob_controller.go:92.3,92.28 1 1
github.com/vivekpradhan/runforge/internal/controller/aijob_controller.go:95.2,95.98 1 0
github.com/vivekpradhan/runforge/internal/controller/aijob_controller.go:95.98,97.3 1 0
github.com/vivekpradhan/runforge/internal/controller/aijob_controller.go:99.2,99.27 1 0
github.com/vivekpradhan/runforge/internal/controller/aijob_controller.go:103.68,109.2 1 0
github.com/vivekpradhan/runforge/internal/controller/aijob_controller.go:111.154,118.73 5 1
github.com/vivekpradhan/runforge/internal/controller/aijob_controller.go:118.73,120.3 1 0
github.com/vivekpradhan/runforge/internal/controller/aijob_controller.go:121.2,121.65 1 1
github.com/vivekpradhan/runforge/internal/controller/aijob_controller.go:124.59,125.32 1 1
github.com/vivekpradhan/runforge/internal/controller/aijob_controller.go:125.32,127.3 1 0
github.com/vivekpradhan/runforge/internal/controller/aijob_controller.go:128.2,128.42 1 1
github.com/vivekpradhan/runforge/internal/controller/aijob_controller.go:131.64,132.45 1 1
github.com/vivekpradhan/runforge/internal/controller/aijob_controller.go:132.45,133.78 1 0
github.com/vivekpradhan/runforge/internal/controller/aijob_controller.go:133.78,135.4 1 0
github.com/vivekpradhan/runforge/internal/controller/aijob_controller.go:136.3,136.76 1 0
github.com/vivekpradhan/runforge/internal/controller/aijob_controller.go:136.76,138.4 1 0
github.com/vivekpradhan/runforge/internal/controller/aijob_controller.go:140.2,140.27 1 1
github.com/vivekpradhan/runforge/internal/controller/aijob_controller.go:140.27,142.3 1 0
github.com/vivekpradhan/runforge/internal/controller/aijob_controller.go:143.2,143.43 1 1
